# JRE version: OpenJDK Runtime Environment (11.0.12+7) (build 11.0.12+7-b1504.28-7817840)
# Java VM: OpenJDK 64-Bit Server VM (11.0.12+7-b1504.28-7817840, mixed mode, tiered, compressed oops, g1 gc, windows-amd64)
Heap:
 garbage-first heap   total 315392K, used 197801K [0x0000000080000000, 0x0000000100000000)
  region size 1024K, 21 young (21504K), 7 survivors (7168K)
 Metaspace       used 154266K, capacity 158977K, committed 170624K, reserved 1198080K
  class space    used 18575K, capacity 20351K, committed 22088K, reserved 1048576K
GC Heap History (20 events):
Event: 417.704 GC heap before
{Heap before GC invocations=116 (full 0):
 garbage-first heap   total 315392K, used 212950K [0x0000000080000000, 0x0000000100000000)
  region size 1024K, 15 young (15360K), 4 survivors (4096K)
 Metaspace       used 164907K, capacity 170221K, committed 170368K, reserved 1198080K
  class space    used 20051K, capacity 22048K, committed 22088K, reserved 1048576K
}
Event: 417.716 GC heap after
{Heap after GC invocations=117 (full 0):
 garbage-first heap   total 315392K, used 201109K [0x0000000080000000, 0x0000000100000000)
  region size 1024K, 1 young (1024K), 1 survivors (1024K)
 Metaspace       used 164907K, capacity 170221K, committed 170368K, reserved 1198080K
  class space    used 20051K, capacity 22048K, committed 22088K, reserved 1048576K
}
Event: 418.113 GC heap before
{Heap before GC invocations=117 (full 0):
 garbage-first heap   total 315392K, used 207253K [0x0000000080000000, 0x0000000100000000)
  region size 1024K, 8 young (8192K), 1 survivors (1024K)
 Metaspace       used 164914K, capacity 170221K, committed 170368K, reserved 1198080K
  class space    used 20051K, capacity 22048K, committed 22088K, reserved 1048576K
}
Event: 418.121 GC heap after
{Heap after GC invocations=118 (full 0):
 garbage-first heap   total 315392K, used 203639K [0x0000000080000000, 0x0000000100000000)
  region size 1024K, 4 young (4096K), 4 survivors (4096K)
 Metaspace       used 164914K, capacity 170221K, committed 170368K, reserved 1198080K
  class space    used 20051K, capacity 22048K, committed 22088K, reserved 1048576K
}
Event: 419.696 GC heap before
{Heap before GC invocations=119 (full 0):
 garbage-first heap   total 315392K, used 252791K [0x0000000080000000, 0x0000000100000000)
  region size 1024K, 52 young (53248K), 4 survivors (4096K)
 Metaspace       used 151998K, capacity 156526K, committed 170368K, reserved 1198080K
  class space    used 18371K, capacity 20058K, committed 22088K, reserved 1048576K
}
Event: 419.705 GC heap after
{Heap after GC invocations=120 (full 0):
 garbage-first heap   total 315392K, used 205541K [0x0000000080000000, 0x0000000100000000)
  region size 1024K, 5 young (5120K), 5 survivors (5120K)
 Metaspace       used 151998K, capacity 156526K, committed 170368K, reserved 1198080K
  class space    used 18371K, capacity 20058K, committed 22088K, reserved 1048576K
}
Event: 420.212 GC heap before
{Heap before GC invocations=120 (full 0):
 garbage-first heap   total 315392K, used 214757K [0x0000000080000000, 0x0000000100000000)
  region size 1024K, 15 young (15360K), 5 survivors (5120K)
 Metaspace       used 152026K, capacity 156529K, committed 170368K, reserved 1198080K
  class space    used 18372K, capacity 20059K, committed 22088K, reserved 1048576K
}
Event: 420.227 GC heap after
{Heap after GC invocations=121 (full 0):
 garbage-first heap   total 315392K, used 178187K [0x0000000080000000, 0x0000000100000000)
  region size 1024K, 1 young (1024K), 1 survivors (1024K)
 Metaspace       used 152026K, capacity 156529K, committed 170368K, reserved 1198080K
  class space    used 18372K, capacity 20059K, committed 22088K, reserved 1048576K
}
Event: 420.471 GC heap before
{Heap before GC invocations=121 (full 0):
 garbage-first heap   total 315392K, used 187403K [0x0000000080000000, 0x0000000100000000)
  region size 1024K, 12 young (12288K), 1 survivors (1024K)
 Metaspace       used 152027K, capacity 156529K, committed 170368K, reserved 1198080K
  class space    used 18372K, capacity 20059K, committed 22088K, reserved 1048576K
}
Event: 420.477 GC heap after
{Heap after GC invocations=122 (full 0):
 garbage-first heap   total 315392K, used 178315K [0x0000000080000000, 0x0000000100000000)
  region size 1024K, 1 young (1024K), 1 survivors (1024K)
 Metaspace       used 152027K, capacity 156529K, committed 170368K, reserved 1198080K
  class space    used 18372K, capacity 20059K, committed 22088K, reserved 1048576K
}
Event: 1401.073 GC heap before
{Heap before GC invocations=123 (full 0):
 garbage-first heap   total 315392K, used 266379K [0x0000000080000000, 0x0000000100000000)
  region size 1024K, 64 young (65536K), 1 survivors (1024K)
 Metaspace       used 152471K, capacity 157076K, committed 170368K, reserved 1198080K
  class space    used 18418K, capacity 20135K, committed 22088K, reserved 1048576K
}
Event: 1401.081 GC heap after
{Heap after GC invocations=124 (full 0):
 garbage-first heap   total 315392K, used 177805K [0x0000000080000000, 0x0000000100000000)
  region size 1024K, 3 young (3072K), 3 survivors (3072K)
 Metaspace       used 152471K, capacity 157076K, committed 170368K, reserved 1198080K
  class space    used 18418K, capacity 20135K, committed 22088K, reserved 1048576K
}
Event: 1402.790 GC heap before
{Heap before GC invocations=124 (full 0):
 garbage-first heap   total 315392K, used 236173K [0x0000000080000000, 0x0000000100000000)
  region size 1024K, 62 young (63488K), 3 survivors (3072K)
 Metaspace       used 152804K, capacity 157462K, committed 170368K, reserved 1198080K
  class space    used 18441K, capacity 20177K, committed 22088K, reserved 1048576K
}
Event: 1402.811 GC heap after
{Heap after GC invocations=125 (full 0):
 garbage-first heap   total 315392K, used 184672K [0x0000000080000000, 0x0000000100000000)
  region size 1024K, 9 young (9216K), 9 survivors (9216K)
 Metaspace       used 152804K, capacity 157462K, committed 170368K, reserved 1198080K
  class space    used 18441K, capacity 20177K, committed 22088K, reserved 1048576K
}
Event: 1404.828 GC heap before
{Heap before GC invocations=126 (full 0):
 garbage-first heap   total 315392K, used 272736K [0x0000000080000000, 0x0000000100000000)
  region size 1024K, 74 young (75776K), 9 survivors (9216K)
 Metaspace       used 153381K, capacity 158148K, committed 170624K, reserved 1198080K
  class space    used 18501K, capacity 20268K, committed 22088K, reserved 1048576K
}
Event: 1404.848 GC heap after
{Heap after GC invocations=127 (full 0):
 garbage-first heap   total 315392K, used 186291K [0x0000000080000000, 0x0000000100000000)
  region size 1024K, 2 young (2048K), 2 survivors (2048K)
 Metaspace       used 153381K, capacity 158148K, committed 170624K, reserved 1198080K
  class space    used 18501K, capacity 20268K, committed 22088K, reserved 1048576K
}
Event: 1405.152 GC heap before
{Heap before GC invocations=127 (full 0):
 garbage-first heap   total 315392K, used 198579K [0x0000000080000000, 0x0000000100000000)
  region size 1024K, 15 young (15360K), 2 survivors (2048K)
 Metaspace       used 153573K, capacity 158289K, committed 170624K, reserved 1198080K
  class space    used 18515K, capacity 20272K, committed 22088K, reserved 1048576K
}
Event: 1405.185 GC heap after
{Heap after GC invocations=128 (full 0):
 garbage-first heap   total 315392K, used 178783K [0x0000000080000000, 0x0000000100000000)
  region size 1024K, 1 young (1024K), 1 survivors (1024K)
 Metaspace       used 153573K, capacity 158289K, committed 170624K, reserved 1198080K
  class space    used 18515K, capacity 20272K, committed 22088K, reserved 1048576K
}
Event: 1409.325 GC heap before
{Heap before GC invocations=128 (full 0):
 garbage-first heap   total 315392K, used 249439K [0x0000000080000000, 0x0000000100000000)
  region size 1024K, 71 young (72704K), 1 survivors (1024K)
 Metaspace       used 154258K, capacity 158977K, committed 170624K, reserved 1198080K
  class space    used 18575K, capacity 20351K, committed 22088K, reserved 1048576K
}
Event: 1409.355 GC heap after
{Heap after GC invocations=129 (full 0):
 garbage-first heap   total 315392K, used 184489K [0x0000000080000000, 0x0000000100000000)
  region size 1024K, 7 young (7168K), 7 survivors (7168K)
 Metaspace       used 154258K, capacity 158977K, committed 170624K, reserved 1198080K
  class space    used 18575K, capacity 20351K, committed 22088K, reserved 1048576K
}

